<?xml version="1.0" encoding="UTF-8" ?>
<testsuite tests="34" failures="0" name="by.artem.TestConvertNumToText" time="0.194" errors="0" skipped="0">
  <properties>
    <property name="java.runtime.name" value="Java(TM) SE Runtime Environment"/>
    <property name="java.vm.version" value="9.0.4+11"/>
    <property name="sun.boot.library.path" value="C:\Program Files\Java\jdk-9.0.4\bin"/>
    <property name="maven.multiModuleProjectDirectory" value="E:\dev\TestForJazzTeam"/>
    <property name="java.vm.vendor" value="Oracle Corporation"/>
    <property name="java.vendor.url" value="http://java.oracle.com/"/>
    <property name="guice.disable.misplaced.annotation.check" value="true"/>
    <property name="path.separator" value=";"/>
    <property name="java.vm.name" value="Java HotSpot(TM) 64-Bit Server VM"/>
    <property name="file.encoding.pkg" value="sun.io"/>
    <property name="sun.os.patch.level" value=""/>
    <property name="user.script" value=""/>
    <property name="user.country" value="RU"/>
    <property name="sun.java.launcher" value="SUN_STANDARD"/>
    <property name="java.vm.specification.name" value="Java Virtual Machine Specification"/>
    <property name="user.dir" value="E:\dev\TestForJazzTeam"/>
    <property name="java.vm.compressedOopsMode" value="32-bit"/>
    <property name="java.runtime.version" value="9.0.4+11"/>
    <property name="java.awt.graphicsenv" value="sun.awt.Win32GraphicsEnvironment"/>
    <property name="os.arch" value="amd64"/>
    <property name="java.io.tmpdir" value="C:\Users\Artem\AppData\Local\Temp\"/>
    <property name="line.separator" value="
"/>
    <property name="java.vm.specification.vendor" value="Oracle Corporation"/>
    <property name="user.variant" value=""/>
    <property name="os.name" value="Windows 10"/>
    <property name="classworlds.conf" value="D:\Games\established\ПРОГРАММЫ\IntelliJ IDEA 2019.1\plugins\maven\lib\maven3\bin\m2.conf"/>
    <property name="sun.jnu.encoding" value="Cp1251"/>
    <property name="java.library.path" value="C:\Program Files\Java\jdk-9.0.4\bin;C:\WINDOWS\Sun\Java\bin;C:\WINDOWS\system32;C:\WINDOWS;C:\Program Files\Microsoft MPI\Bin\;C:\ProgramData\Oracle\Java\javapath;C:\Program Files\Common Files\Microsoft Shared\Windows Live;C:\Program Files (x86)\Common Files\Microsoft Shared\Windows Live;C:\Program Files (x86)\Intel\iCLS Client\;C:\Program Files\Intel\iCLS Client\;C:\Windows\system32;C:\Windows;C:\Windows\System32\Wbem;C:\Windows\System32\WindowsPowerShell\v1.0\;C:\Program Files\Intel\Intel(R) Management Engine Components\DAL;C:\Program Files\Intel\Intel(R) Management Engine Components\IPT;C:\Program Files (x86)\Intel\Intel(R) Management Engine Components\DAL;C:\Program Files (x86)\Intel\Intel(R) Management Engine Components\IPT;C:\Program Files (x86)\Windows Live\Shared;C:\WINDOWS\system32;C:\WINDOWS;C:\WINDOWS\System32\Wbem;C:\WINDOWS\System32\WindowsPowerShell\v1.0\;C:\Users\Artem\.dnx\bin;C:\Program Files\Microsoft DNX\Dnvm\;C:\Program Files (x86)\GNU\GnuPG\pub;C:\Program Files (x86)\NVIDIA Corporation\PhysX\Common;C:\Program Files (x86)\Windows Kits\10\Windows Performance Toolkit\;C:\Program Files\NVIDIA Corporation\NVIDIA NvDLISR;C:\Users\Artem\AppData\Local\Microsoft\WindowsApps;D:\Games\established\ПРОГРАММЫ\IntelliJ IDEA 2019.1\bin;;."/>
    <property name="jdk.debug" value="release"/>
    <property name="java.class.version" value="53.0"/>
    <property name="java.specification.name" value="Java Platform API Specification"/>
    <property name="sun.management.compiler" value="HotSpot 64-Bit Tiered Compilers"/>
    <property name="os.version" value="10.0"/>
    <property name="user.home" value="C:\Users\Artem"/>
    <property name="user.timezone" value="Europe/Minsk"/>
    <property name="java.awt.printerjob" value="sun.awt.windows.WPrinterJob"/>
    <property name="file.encoding" value="UTF-8"/>
    <property name="java.specification.version" value="9"/>
    <property name="user.name" value="Artem"/>
    <property name="java.class.path" value="D:\Games\established\ПРОГРАММЫ\IntelliJ IDEA 2019.1\plugins\maven\lib\maven3\boot\plexus-classworlds-2.5.2.jar"/>
    <property name="java.vm.specification.version" value="9"/>
    <property name="sun.arch.data.model" value="64"/>
    <property name="sun.java.command" value="org.codehaus.classworlds.Launcher -Didea.version2019.1 clean install"/>
    <property name="java.home" value="C:\Program Files\Java\jdk-9.0.4"/>
    <property name="user.language" value="ru"/>
    <property name="java.specification.vendor" value="Oracle Corporation"/>
    <property name="awt.toolkit" value="sun.awt.windows.WToolkit"/>
    <property name="java.vm.info" value="mixed mode"/>
    <property name="java.version" value="9.0.4"/>
    <property name="java.vendor" value="Oracle Corporation"/>
    <property name="maven.home" value="D:\Games\established\ПРОГРАММЫ\IntelliJ IDEA 2019.1\plugins\maven\lib\maven3"/>
    <property name="file.separator" value="\"/>
    <property name="java.vendor.url.bug" value="http://bugreport.java.com/bugreport/"/>
    <property name="idea.version2019.1" value="true"/>
    <property name="sun.io.unicode.encoding" value="UnicodeLittle"/>
    <property name="sun.cpu.endian" value="little"/>
    <property name="sun.desktop" value="windows"/>
    <property name="sun.cpu.isalist" value="amd64"/>
  </properties>
  <testcase classname="by.artem.TestConvertNumToText" name="checkingConvert[0: ноль, 0]" time="0.017"/>
  <testcase classname="by.artem.TestConvertNumToText" name="checkingConvert[1: один, 1]" time="0.094"/>
  <testcase classname="by.artem.TestConvertNumToText" name="checkingConvert[2: два, 2]" time="0.038"/>
  <testcase classname="by.artem.TestConvertNumToText" name="checkingConvert[3: три, 3]" time="0"/>
  <testcase classname="by.artem.TestConvertNumToText" name="checkingConvert[4: четыре, 4]" time="0"/>
  <testcase classname="by.artem.TestConvertNumToText" name="checkingConvert[5: пять, 5]" time="0"/>
  <testcase classname="by.artem.TestConvertNumToText" name="checkingConvert[6: шесть, 6]" time="0"/>
  <testcase classname="by.artem.TestConvertNumToText" name="checkingConvert[7: семь, 7]" time="0"/>
  <testcase classname="by.artem.TestConvertNumToText" name="checkingConvert[8: восемь, 8]" time="0"/>
  <testcase classname="by.artem.TestConvertNumToText" name="checkingConvert[9: девять, 9]" time="0"/>
  <testcase classname="by.artem.TestConvertNumToText" name="checkingConvert[10: десять, 10]" time="0"/>
  <testcase classname="by.artem.TestConvertNumToText" name="checkingConvert[11: одиннадцать, 11]" time="0"/>
  <testcase classname="by.artem.TestConvertNumToText" name="checkingConvert[12: двенадцать, 12]" time="0"/>
  <testcase classname="by.artem.TestConvertNumToText" name="checkingConvert[13: тринадцать, 13]" time="0.001"/>
  <testcase classname="by.artem.TestConvertNumToText" name="checkingConvert[14: четырнадцать, 14]" time="0.001"/>
  <testcase classname="by.artem.TestConvertNumToText" name="checkingConvert[15: пятнадцать, 15]" time="0.002"/>
  <testcase classname="by.artem.TestConvertNumToText" name="checkingConvert[16: шестнадцать, 16]" time="0.002"/>
  <testcase classname="by.artem.TestConvertNumToText" name="checkingConvert[17: семнадцать, 17]" time="0.001"/>
  <testcase classname="by.artem.TestConvertNumToText" name="checkingConvert[18: восемнадцать, 18]" time="0.001"/>
  <testcase classname="by.artem.TestConvertNumToText" name="checkingConvert[19: девятнадцать, 19]" time="0.001"/>
  <testcase classname="by.artem.TestConvertNumToText" name="checkingConvert[20: сорок, 40]" time="0.001"/>
  <testcase classname="by.artem.TestConvertNumToText" name="checkingConvert[21: семьдесят один, 71]" time="0.003"/>
  <testcase classname="by.artem.TestConvertNumToText" name="checkingConvert[22: сто, 100]" time="0.001"/>
  <testcase classname="by.artem.TestConvertNumToText" name="checkingConvert[23: двести два, 202]" time="0.001"/>
  <testcase classname="by.artem.TestConvertNumToText" name="checkingConvert[24: пятьсот пятьдесят пять, 555]" time="0.001"/>
  <testcase classname="by.artem.TestConvertNumToText" name="checkingConvert[25: триста десять, 310]" time="0.001"/>
  <testcase classname="by.artem.TestConvertNumToText" name="checkingConvert[26: девятьсот девяносто девять, 999]" time="0.001"/>
  <testcase classname="by.artem.TestConvertNumToText" name="checkingConvert[27: два миллиарда сто сорок семь миллионов четыреста восемьдесят три тысячи шестьсот сорок семь, 2147483647]" time="0.004"/>
  <testcase classname="by.artem.TestConvertNumToText" name="checkingConvert[28: минус один миллион одиннадцать, -1000011]" time="0.014"/>
  <testcase classname="by.artem.TestConvertNumToText" name="checkingConvert[29: сто двадцать три миллиона четыреста пятьдесят шесть тысяч семьсот восемьдесят девять, 123456789]" time="0.001"/>
  <testcase classname="by.artem.TestConvertNumToText" name="checkingConvert[30: две тысячи, 2000]" time="0.001"/>
  <testcase classname="by.artem.TestConvertNumToText" name="checkingConvert[31: одна тысяча, 1000]" time="0.004"/>
  <testcase classname="by.artem.TestConvertNumToText" name="checkingConvert[32: один миллион, 1000000]" time="0.002"/>
  <testcase classname="by.artem.TestConvertNumToText" name="checkingConvert[33: два миллиона, 2000000]" time="0.001"/>
</testsuite>